This is pdfTeX, Version 3.141592653-2.6-1.40.22 (TeX Live 2021) (preloaded format=pdflatex 2021.7.19)  16 OCT 2021 17:28
entering extended mode
 restricted \write18 enabled.
 file:line:error style messages enabled.
 %&-line parsing enabled.
**/Users/nielswarncke/Documents/ddsp/thesis/latex/thesis.tex
(/Users/nielswarncke/Documents/ddsp/thesis/latex/thesis.tex
LaTeX2e <2020-10-01> patch level 4
L3 programming layer <2021-02-18> (/Users/nielswarncke/Documents/ddsp/thesis/latex/gatechthesis.cls
Document Class: gatechthesis 2020/05/07 GA Tech MS/PhD Thesis Class
(/usr/local/texlive/2021/texmf-dist/tex/latex/base/report.cls
Document Class: report 2020/04/10 v1.4m Standard LaTeX document class
(/usr/local/texlive/2021/texmf-dist/tex/latex/base/size12.clo
File: size12.clo 2020/04/10 v1.4m Standard LaTeX file (size option)
)
\c@part=\count179
\c@chapter=\count180
\c@section=\count181
\c@subsection=\count182
\c@subsubsection=\count183
\c@paragraph=\count184
\c@subparagraph=\count185
\c@figure=\count186
\c@table=\count187
\abovecaptionskip=\skip47
\belowcaptionskip=\skip48
\bibindent=\dimen138
) (/usr/local/texlive/2021/texmf-dist/tex/latex/graphics/graphicx.sty
Package: graphicx 2020/09/09 v1.2b Enhanced LaTeX Graphics (DPC,SPQR)
 (/usr/local/texlive/2021/texmf-dist/tex/latex/graphics/keyval.sty
Package: keyval 2014/10/28 v1.15 key=value parser (DPC)
\KV@toks@=\toks15
) (/usr/local/texlive/2021/texmf-dist/tex/latex/graphics/graphics.sty
Package: graphics 2020/08/30 v1.4c Standard LaTeX Graphics (DPC,SPQR)
 (/usr/local/texlive/2021/texmf-dist/tex/latex/graphics/trig.sty
Package: trig 2016/01/03 v1.10 sin cos tan (DPC)
) (/usr/local/texlive/2021/texmf-dist/tex/latex/graphics-cfg/graphics.cfg
File: graphics.cfg 2016/06/04 v1.11 sample graphics configuration
)
Package graphics Info: Driver file: pdftex.def on input line 105.
 (/usr/local/texlive/2021/texmf-dist/tex/latex/graphics-def/pdftex.def
File: pdftex.def 2020/10/05 v1.2a Graphics/color driver for pdftex
))
\Gin@req@height=\dimen139
\Gin@req@width=\dimen140
) (/usr/local/texlive/2021/texmf-dist/tex/latex/geometry/geometry.sty
Package: geometry 2020/01/02 v5.9 Page Geometry
 (/usr/local/texlive/2021/texmf-dist/tex/generic/iftex/ifvtex.sty
Package: ifvtex 2019/10/25 v1.7 ifvtex legacy package. Use iftex instead.
 (/usr/local/texlive/2021/texmf-dist/tex/generic/iftex/iftex.sty
Package: iftex 2020/03/06 v1.0d TeX engine tests
))
\Gm@cnth=\count188
\Gm@cntv=\count189
\c@Gm@tempcnt=\count190
\Gm@bindingoffset=\dimen141
\Gm@wd@mp=\dimen142
\Gm@odd@mp=\dimen143
\Gm@even@mp=\dimen144
\Gm@layoutwidth=\dimen145
\Gm@layoutheight=\dimen146
\Gm@layouthoffset=\dimen147
\Gm@layoutvoffset=\dimen148
\Gm@dimlist=\toks16
) (/usr/local/texlive/2021/texmf-dist/tex/latex/tools/multicol.sty
Package: multicol 2019/12/09 v1.8y multicolumn formatting (FMi)
\c@tracingmulticols=\count191
\mult@box=\box47
\multicol@leftmargin=\dimen149
\c@unbalance=\count192
\c@collectmore=\count193
\doublecol@number=\count194
\multicoltolerance=\count195
\multicolpretolerance=\count196
\full@width=\dimen150
\page@free=\dimen151
\premulticols=\dimen152
\postmulticols=\dimen153
\multicolsep=\skip49
\multicolbaselineskip=\skip50
\partial@page=\box48
\last@line=\box49
\maxbalancingoverflow=\dimen154
\mult@rightbox=\box50
\mult@grightbox=\box51
\mult@gfirstbox=\box52
\mult@firstbox=\box53
\@tempa=\box54
\@tempa=\box55
\@tempa=\box56
\@tempa=\box57
\@tempa=\box58
\@tempa=\box59
\@tempa=\box60
\@tempa=\box61
\@tempa=\box62
\@tempa=\box63
\@tempa=\box64
\@tempa=\box65
\@tempa=\box66
\@tempa=\box67
\@tempa=\box68
\@tempa=\box69
\@tempa=\box70
\@tempa=\box71
\@tempa=\box72
\@tempa=\box73
\@tempa=\box74
\@tempa=\box75
\@tempa=\box76
\@tempa=\box77
\@tempa=\box78
\@tempa=\box79
\@tempa=\box80
\@tempa=\box81
\@tempa=\box82
\@tempa=\box83
\@tempa=\box84
\@tempa=\box85
\@tempa=\box86
\@tempa=\box87
\@tempa=\box88
\@tempa=\box89
\@tempa=\box90
\c@minrows=\count197
\c@columnbadness=\count198
\c@finalcolumnbadness=\count199
\last@try=\dimen155
\multicolovershoot=\dimen156
\multicolundershoot=\dimen157
\mult@nat@firstbox=\box91
\colbreak@box=\box92
\mc@col@check@num=\count266
) (/usr/local/texlive/2021/texmf-dist/tex/latex/setspace/setspace.sty
Package: setspace 2011/12/19 v6.7a set line spacing
) (/usr/local/texlive/2021/texmf-dist/tex/latex/psnfss/times.sty
Package: times 2020/03/25 PSNFSS-v9.3 (SPQR) 
) (/usr/local/texlive/2021/texmf-dist/tex/latex/titlesec/titlesec.sty
Package: titlesec 2019/10/16 v2.13 Sectioning titles
\ttl@box=\box93
\beforetitleunit=\skip51
\aftertitleunit=\skip52
\ttl@plus=\dimen158
\ttl@minus=\dimen159
\ttl@toksa=\toks17
\titlewidth=\dimen160
\titlewidthlast=\dimen161
\titlewidthfirst=\dimen162
) (/usr/local/texlive/2021/texmf-dist/tex/latex/tocloft/tocloft.sty
Package: tocloft 2017/08/31 v2.3i parameterised ToC, etc., typesetting
Package tocloft Info: The document has chapter divisions on input line 51.
\cftparskip=\skip53
\cftbeforetoctitleskip=\skip54
\cftaftertoctitleskip=\skip55
\cftbeforepartskip=\skip56
\cftpartnumwidth=\skip57
\cftpartindent=\skip58
\cftbeforechapskip=\skip59
\cftchapindent=\skip60
\cftchapnumwidth=\skip61
\cftbeforesecskip=\skip62
\cftsecindent=\skip63
\cftsecnumwidth=\skip64
\cftbeforesubsecskip=\skip65
\cftsubsecindent=\skip66
\cftsubsecnumwidth=\skip67
\cftbeforesubsubsecskip=\skip68
\cftsubsubsecindent=\skip69
\cftsubsubsecnumwidth=\skip70
\cftbeforeparaskip=\skip71
\cftparaindent=\skip72
\cftparanumwidth=\skip73
\cftbeforesubparaskip=\skip74
\cftsubparaindent=\skip75
\cftsubparanumwidth=\skip76
\cftbeforeloftitleskip=\skip77
\cftafterloftitleskip=\skip78
\cftbeforefigskip=\skip79
\cftfigindent=\skip80
\cftfignumwidth=\skip81
\c@lofdepth=\count267
\c@lotdepth=\count268
\cftbeforelottitleskip=\skip82
\cftafterlottitleskip=\skip83
\cftbeforetabskip=\skip84
\cfttabindent=\skip85
\cfttabnumwidth=\skip86
) (/usr/local/texlive/2021/texmf-dist/tex/latex/ifoddpage/ifoddpage.sty
Package: ifoddpage 2016/04/23 v1.1 Conditionals for odd/even page detection
\c@checkoddpage=\count269
) (/usr/local/texlive/2021/texmf-dist/tex/latex/graphics/rotating.sty
Package: rotating 2016/08/11 v2.16d rotated objects in LaTeX
 (/usr/local/texlive/2021/texmf-dist/tex/latex/base/ifthen.sty
Package: ifthen 2014/09/29 v1.1c Standard LaTeX ifthen package (DPC)
)
\c@r@tfl@t=\count270
\rotFPtop=\skip87
\rotFPbot=\skip88
\rot@float@box=\box94
\rot@mess@toks=\toks18
) (/usr/local/texlive/2021/texmf-dist/tex/latex/biblatex/biblatex.sty
Package: biblatex 2020/12/31 v3.16 programmable bibliographies (PK/MW)
 (/usr/local/texlive/2021/texmf-dist/tex/generic/pdftexcmds/pdftexcmds.sty
Package: pdftexcmds 2020-06-27 v0.33 Utility functions of pdfTeX for LuaTeX (HO)
 (/usr/local/texlive/2021/texmf-dist/tex/generic/infwarerr/infwarerr.sty
Package: infwarerr 2019/12/03 v1.5 Providing info/warning/error messages (HO)
) (/usr/local/texlive/2021/texmf-dist/tex/generic/ltxcmds/ltxcmds.sty
Package: ltxcmds 2020-05-10 v1.25 LaTeX kernel commands for general use (HO)
)
Package pdftexcmds Info: \pdf@primitive is available.
Package pdftexcmds Info: \pdf@ifprimitive is available.
Package pdftexcmds Info: \pdfdraftmode found.
) (/usr/local/texlive/2021/texmf-dist/tex/latex/etoolbox/etoolbox.sty
Package: etoolbox 2020/10/05 v2.5k e-TeX tools for LaTeX (JAW)
\etb@tempcnta=\count271
) (/usr/local/texlive/2021/texmf-dist/tex/latex/kvoptions/kvoptions.sty
Package: kvoptions 2020-10-07 v3.14 Key value format for package options (HO)
 (/usr/local/texlive/2021/texmf-dist/tex/generic/kvsetkeys/kvsetkeys.sty
Package: kvsetkeys 2019/12/15 v1.18 Key value parser (HO)
)) (/usr/local/texlive/2021/texmf-dist/tex/latex/logreq/logreq.sty
Package: logreq 2010/08/04 v1.0 xml request logger
\lrq@indent=\count272
 (/usr/local/texlive/2021/texmf-dist/tex/latex/logreq/logreq.def
File: logreq.def 2010/08/04 v1.0 logreq spec v1.0
)) (/usr/local/texlive/2021/texmf-dist/tex/latex/url/url.sty
\Urlmuskip=\muskip16
Package: url 2013/09/16  ver 3.4  Verb mode for urls, etc.
)
\c@tabx@nest=\count273
\c@listtotal=\count274
\c@listcount=\count275
\c@liststart=\count276
\c@liststop=\count277
\c@citecount=\count278
\c@citetotal=\count279
\c@multicitecount=\count280
\c@multicitetotal=\count281
\c@instcount=\count282
\c@maxnames=\count283
\c@minnames=\count284
\c@maxitems=\count285
\c@minitems=\count286
\c@citecounter=\count287
\c@maxcitecounter=\count288
\c@savedcitecounter=\count289
\c@uniquelist=\count290
\c@uniquename=\count291
\c@refsection=\count292
\c@refsegment=\count293
\c@maxextratitle=\count294
\c@maxextratitleyear=\count295
\c@maxextraname=\count296
\c@maxextradate=\count297
\c@maxextraalpha=\count298
\c@abbrvpenalty=\count299
\c@highnamepenalty=\count300
\c@lownamepenalty=\count301
\c@maxparens=\count302
\c@parenlevel=\count303
\blx@tempcnta=\count304
\blx@tempcntb=\count305
\blx@tempcntc=\count306
\blx@maxsection=\count307
\blx@maxsegment@0=\count308
\blx@notetype=\count309
\blx@parenlevel@text=\count310
\blx@parenlevel@foot=\count311
\blx@sectionciteorder@0=\count312
\blx@entrysetcounter=\count313
\blx@biblioinstance=\count314
\labelnumberwidth=\skip89
\labelalphawidth=\skip90
\biblabelsep=\skip91
\bibitemsep=\skip92
\bibnamesep=\skip93
\bibinitsep=\skip94
\bibparsep=\skip95
\bibhang=\skip96
\blx@bcfin=\read2
\blx@bcfout=\write3
\blx@langwohyphens=\language87
\c@mincomprange=\count315
\c@maxcomprange=\count316
\c@mincompwidth=\count317
Package biblatex Info: Trying to load biblatex default data model...
Package biblatex Info: ... file 'blx-dm.def' found.
 (/usr/local/texlive/2021/texmf-dist/tex/latex/biblatex/blx-dm.def
File: blx-dm.def 2020/12/31 v3.16 biblatex localization (PK/MW)
)
Package biblatex Info: Trying to load biblatex bibstyle data model...
Package biblatex Info: ... file 'ieee.dbx' not found.
Package biblatex Info: Trying to load biblatex custom data model...
Package biblatex Info: ... file 'biblatex-dm.cfg' not found.
\c@afterword=\count318
\c@savedafterword=\count319
\c@annotator=\count320
\c@savedannotator=\count321
\c@author=\count322
\c@savedauthor=\count323
\c@bookauthor=\count324
\c@savedbookauthor=\count325
\c@commentator=\count326
\c@savedcommentator=\count327
\c@editor=\count328
\c@savededitor=\count329
\c@editora=\count330
\c@savededitora=\count331
\c@editorb=\count332
\c@savededitorb=\count333
\c@editorc=\count334
\c@savededitorc=\count335
\c@foreword=\count336
\c@savedforeword=\count337
\c@holder=\count338
\c@savedholder=\count339
\c@introduction=\count340
\c@savedintroduction=\count341
\c@namea=\count342
\c@savednamea=\count343
\c@nameb=\count344
\c@savednameb=\count345
\c@namec=\count346
\c@savednamec=\count347
\c@translator=\count348
\c@savedtranslator=\count349
\c@shortauthor=\count350
\c@savedshortauthor=\count351
\c@shorteditor=\count352
\c@savedshorteditor=\count353
\c@labelname=\count354
\c@savedlabelname=\count355
\c@institution=\count356
\c@savedinstitution=\count357
\c@lista=\count358
\c@savedlista=\count359
\c@listb=\count360
\c@savedlistb=\count361
\c@listc=\count362
\c@savedlistc=\count363
\c@listd=\count364
\c@savedlistd=\count365
\c@liste=\count366
\c@savedliste=\count367
\c@listf=\count368
\c@savedlistf=\count369
\c@location=\count370
\c@savedlocation=\count371
\c@organization=\count372
\c@savedorganization=\count373
\c@origlocation=\count374
\c@savedoriglocation=\count375
\c@origpublisher=\count376
\c@savedorigpublisher=\count377
\c@publisher=\count378
\c@savedpublisher=\count379
\c@language=\count380
\c@savedlanguage=\count381
\c@origlanguage=\count382
\c@savedoriglanguage=\count383
\c@pageref=\count384
\c@savedpageref=\count385
\shorthandwidth=\skip97
\shortjournalwidth=\skip98
\shortserieswidth=\skip99
\shorttitlewidth=\skip100
\shortauthorwidth=\skip101
\shorteditorwidth=\skip102
\locallabelnumberwidth=\skip103
\locallabelalphawidth=\skip104
\localshorthandwidth=\skip105
\localshortjournalwidth=\skip106
\localshortserieswidth=\skip107
\localshorttitlewidth=\skip108
\localshortauthorwidth=\skip109
\localshorteditorwidth=\skip110
Package biblatex Info: Trying to load compatibility code...
Package biblatex Info: ... file 'blx-compat.def' found.
 (/usr/local/texlive/2021/texmf-dist/tex/latex/biblatex/blx-compat.def
File: blx-compat.def 2020/12/31 v3.16 biblatex compatibility (PK/MW)
)
Package biblatex Info: Trying to load BibTeX backend compatibility...
Package biblatex Info: ... file 'blx-bibtex.def' found.
 (/usr/local/texlive/2021/texmf-dist/tex/latex/biblatex/blx-bibtex.def
File: blx-bibtex.def 2020/12/31 v3.16 biblatex compatibility (PK/MW)


Package biblatex Warning: Using fall-back BibTeX(8) backend:
(biblatex)                functionality may be reduced/unavailable.

)
Package biblatex Info: Trying to load generic definitions...
Package biblatex Info: ... file 'biblatex.def' found.
 (/usr/local/texlive/2021/texmf-dist/tex/latex/biblatex/biblatex.def
File: biblatex.def 2020/12/31 v3.16 biblatex compatibility (PK/MW)
\c@textcitecount=\count386
\c@textcitetotal=\count387
\c@textcitemaxnames=\count388
\c@biburlbigbreakpenalty=\count389
\c@biburlbreakpenalty=\count390
\c@biburlnumpenalty=\count391
\c@biburlucpenalty=\count392
\c@biburllcpenalty=\count393
\biburlbigskip=\muskip17
\biburlnumskip=\muskip18
\biburlucskip=\muskip19
\biburllcskip=\muskip20
\c@smartand=\count394
)
Package biblatex Info: Trying to load natbib compatibility...
Package biblatex Info: ... file 'blx-natbib.def' found.
 (/usr/local/texlive/2021/texmf-dist/tex/latex/biblatex/blx-natbib.def
File: blx-natbib.def 2020/12/31 v3.16 biblatex compatibility (PK/MW)
Package biblatex Info: Delimiter 'nameyeardelim' in context '' already defined, overwriting.
)
Package biblatex Info: Trying to load bibliography style 'ieee'...
Package biblatex Info: ... file 'ieee.bbx' found.
 (/usr/local/texlive/2021/texmf-dist/tex/latex/biblatex-ieee/ieee.bbx
File: ieee.bbx 2020/12/29 v1.3d biblatex bibliography style
Package biblatex Info: Trying to load bibliography style 'numeric-comp'...
Package biblatex Info: ... file 'numeric-comp.bbx' found.
 (/usr/local/texlive/2021/texmf-dist/tex/latex/biblatex/bbx/numeric-comp.bbx
File: numeric-comp.bbx 2020/12/31 v3.16 biblatex bibliography style (PK/MW)
Package biblatex Info: Trying to load bibliography style 'numeric'...
Package biblatex Info: ... file 'numeric.bbx' found.
 (/usr/local/texlive/2021/texmf-dist/tex/latex/biblatex/bbx/numeric.bbx
File: numeric.bbx 2020/12/31 v3.16 biblatex bibliography style (PK/MW)
Package biblatex Info: Trying to load bibliography style 'standard'...
Package biblatex Info: ... file 'standard.bbx' found.
 (/usr/local/texlive/2021/texmf-dist/tex/latex/biblatex/bbx/standard.bbx
File: standard.bbx 2020/12/31 v3.16 biblatex bibliography style (PK/MW)
\c@bbx:relatedcount=\count395
\c@bbx:relatedtotal=\count396
))))
Package biblatex Info: Trying to load citation style 'numeric'...
Package biblatex Info: ... file 'numeric.cbx' found.
 (/usr/local/texlive/2021/texmf-dist/tex/latex/biblatex/cbx/numeric.cbx
File: numeric.cbx 2020/12/31 v3.16 biblatex citation style (PK/MW)
Package biblatex Info: Redefining '\cite'.
Package biblatex Info: Redefining '\parencite'.
Package biblatex Info: Redefining '\footcite'.
Package biblatex Info: Redefining '\footcitetext'.
Package biblatex Info: Redefining '\smartcite'.
Package biblatex Info: Redefining '\supercite'.
Package biblatex Info: Redefining '\textcite'.
Package biblatex Info: Redefining '\textcites'.
Package biblatex Info: Redefining '\cites'.
Package biblatex Info: Redefining '\parencites'.
Package biblatex Info: Redefining '\smartcites'.
)
Package biblatex Info: Trying to load configuration file...
Package biblatex Info: ... file 'biblatex.cfg' found.
 (/usr/local/texlive/2021/texmf-dist/tex/latex/biblatex/biblatex.cfg
File: biblatex.cfg 
)) (/usr/local/texlive/2021/texmf-dist/tex/latex/appendix/appendix.sty
Package: appendix 2020/02/08 v1.2c extra appendix facilities
\c@@pps=\count397
\c@@ppsavesec=\count398
\c@@ppsaveapp=\count399
) (/usr/local/texlive/2021/texmf-dist/tex/generic/ulem/ulem.sty
\UL@box=\box95
\UL@hyphenbox=\box96
\UL@skip=\skip111
\UL@hook=\toks19
\UL@height=\dimen163
\UL@pe=\count400
\UL@pixel=\dimen164
\ULC@box=\box97
Package: ulem 2019/11/18
\ULdepth=\dimen165
) (/usr/local/texlive/2021/texmf-dist/tex/latex/siunitx/siunitx.sty (/usr/local/texlive/2021/texmf-dist/tex/latex/l3kernel/expl3.sty
Package: expl3 2021-02-18 L3 programming layer (loader) 
 (/usr/local/texlive/2021/texmf-dist/tex/latex/l3backend/l3backend-pdftex.def
File: l3backend-pdftex.def 2021-03-18 L3 backend support: PDF output (pdfTeX)
\l__color_backend_stack_int=\count401
\l__pdf_internal_box=\box98
)) (/usr/local/texlive/2021/texmf-dist/tex/latex/l3packages/xparse/xparse.sty (/usr/local/texlive/2021/texmf-dist/tex/latex/l3packages/xparse/xparse-2020-10-01.sty (/usr/local/texlive/2021/texmf-dist/tex/latex/l3packages/xparse/xparse-generic.tex)))
Package: siunitx 2020/02/25 v2.8b A comprehensive (SI) units package
 (/usr/local/texlive/2021/texmf-dist/tex/latex/amsmath/amstext.sty
Package: amstext 2000/06/29 v2.01 AMS text
 (/usr/local/texlive/2021/texmf-dist/tex/latex/amsmath/amsgen.sty
File: amsgen.sty 1999/11/30 v2.0 generic functions
\@emptytoks=\toks20
\ex@=\dimen166
)) (/usr/local/texlive/2021/texmf-dist/tex/latex/tools/array.sty
Package: array 2020/10/01 v2.5c Tabular extension package (FMi)
\col@sep=\dimen167
\ar@mcellbox=\box99
\extrarowheight=\dimen168
\NC@list=\toks21
\extratabsurround=\skip112
\backup@length=\skip113
\ar@cellbox=\box100
) (/usr/local/texlive/2021/texmf-dist/tex/latex/l3packages/l3keys2e/l3keys2e.sty
Package: l3keys2e 2021-03-12 LaTeX2e option processing using LaTeX3 keys
)
\l__siunitx_tmp_box=\box101
\l__siunitx_tmp_dim=\dimen169
\l__siunitx_tmp_int=\count402
\l__siunitx_number_mantissa_length_int=\count403
\l__siunitx_number_uncert_length_int=\count404
\l__siunitx_round_int=\count405
\l__siunitx_process_decimal_int=\count406
\l__siunitx_process_uncertainty_int=\count407
\l__siunitx_process_fixed_int=\count408
\l__siunitx_process_integer_min_int=\count409
\l__siunitx_process_precision_int=\count410
\l__siunitx_group_min_int=\count411
\l__siunitx_angle_marker_box=\box102
\l__siunitx_angle_unit_box=\box103
\l__siunitx_angle_marker_dim=\dimen170
\l__siunitx_angle_unit_dim=\dimen171
\l__siunitx_unit_int=\count412
\l__siunitx_unit_denominator_int=\count413
\l__siunitx_unit_numerator_int=\count414
\l__siunitx_unit_prefix_int=\count415
\l__siunitx_unit_prefix_base_int=\count416
\l__siunitx_unit_prefix_gram_int=\count417
\l__siunitx_number_product_int=\count418
\c__siunitx_one_fill_skip=\skip114
\l__siunitx_table_unit_align_skip=\skip115
\l__siunitx_table_exponent_dim=\dimen172
\l__siunitx_table_integer_dim=\dimen173
\l__siunitx_table_mantissa_dim=\dimen174
\l__siunitx_table_marker_dim=\dimen175
\l__siunitx_table_result_dim=\dimen176
\l__siunitx_table_uncert_dim=\dimen177
\l__siunitx_table_fill_pre_dim=\dimen178
\l__siunitx_table_fill_post_dim=\dimen179
\l__siunitx_table_fill_mid_dim=\dimen180
\l__siunitx_table_pre_box=\box104
\l__siunitx_table_post_box=\box105
\l__siunitx_table_mantissa_box=\box106
\l__siunitx_table_result_box=\box107
\l__siunitx_table_number_align_skip=\skip116
\l__siunitx_table_text_align_skip=\skip117
 (/usr/local/texlive/2021/texmf-dist/tex/latex/translator/translator.sty
Package: translator 2020-08-03 v1.12c Easy translation of strings in LaTeX
)) (/usr/local/texlive/2021/texmf-dist/tex/latex/hyperref/hyperref.sty
Package: hyperref 2021-02-27 v7.00k Hypertext links for LaTeX
 (/usr/local/texlive/2021/texmf-dist/tex/generic/kvdefinekeys/kvdefinekeys.sty
Package: kvdefinekeys 2019-12-19 v1.6 Define keys (HO)
) (/usr/local/texlive/2021/texmf-dist/tex/generic/pdfescape/pdfescape.sty
Package: pdfescape 2019/12/09 v1.15 Implements pdfTeX's escape features (HO)
) (/usr/local/texlive/2021/texmf-dist/tex/latex/hycolor/hycolor.sty
Package: hycolor 2020-01-27 v1.10 Color options for hyperref/bookmark (HO)
) (/usr/local/texlive/2021/texmf-dist/tex/latex/letltxmacro/letltxmacro.sty
Package: letltxmacro 2019/12/03 v1.6 Let assignment for LaTeX macros (HO)
) (/usr/local/texlive/2021/texmf-dist/tex/latex/auxhook/auxhook.sty
Package: auxhook 2019-12-17 v1.6 Hooks for auxiliary files (HO)
)
\@linkdim=\dimen181
\Hy@linkcounter=\count419
\Hy@pagecounter=\count420
 (/usr/local/texlive/2021/texmf-dist/tex/latex/hyperref/pd1enc.def
File: pd1enc.def 2021-02-27 v7.00k Hyperref: PDFDocEncoding definition (HO)
Now handling font encoding PD1 ...
... no UTF-8 mapping file for font encoding PD1
) (/usr/local/texlive/2021/texmf-dist/tex/latex/hyperref/hyperref-langpatches.def
File: hyperref-langpatches.def 2021-02-27 v7.00k Hyperref: patches for babel languages
) (/usr/local/texlive/2021/texmf-dist/tex/generic/intcalc/intcalc.sty
Package: intcalc 2019/12/15 v1.3 Expandable calculations with integers (HO)
) (/usr/local/texlive/2021/texmf-dist/tex/generic/etexcmds/etexcmds.sty
Package: etexcmds 2019/12/15 v1.7 Avoid name clashes with e-TeX commands (HO)
)
\Hy@SavedSpaceFactor=\count421
 (/usr/local/texlive/2021/texmf-dist/tex/latex/hyperref/puenc.def
File: puenc.def 2021-02-27 v7.00k Hyperref: PDF Unicode definition (HO)
Now handling font encoding PU ...
... no UTF-8 mapping file for font encoding PU
)
Package hyperref Info: Option `bookmarks' set `true' on input line 4073.
Package hyperref Info: Hyper figures OFF on input line 4192.
Package hyperref Info: Link nesting OFF on input line 4197.
Package hyperref Info: Hyper index ON on input line 4200.
Package hyperref Info: Plain pages OFF on input line 4207.
Package hyperref Info: Backreferencing OFF on input line 4212.
Package hyperref Info: Implicit mode ON; LaTeX internals redefined.
Package hyperref Info: Bookmarks ON on input line 4445.
\c@Hy@tempcnt=\count422
LaTeX Info: Redefining \url on input line 4804.
\XeTeXLinkMargin=\dimen182
 (/usr/local/texlive/2021/texmf-dist/tex/generic/bitset/bitset.sty
Package: bitset 2019/12/09 v1.3 Handle bit-vector datatype (HO)
 (/usr/local/texlive/2021/texmf-dist/tex/generic/bigintcalc/bigintcalc.sty
Package: bigintcalc 2019/12/15 v1.5 Expandable calculations on big integers (HO)
))
\Fld@menulength=\count423
\Field@Width=\dimen183
\Fld@charsize=\dimen184
Package hyperref Info: Hyper figures OFF on input line 6075.
Package hyperref Info: Link nesting OFF on input line 6080.
Package hyperref Info: Hyper index ON on input line 6083.
Package hyperref Info: backreferencing OFF on input line 6090.
Package hyperref Info: Link coloring OFF on input line 6095.
Package hyperref Info: Link coloring with OCG OFF on input line 6100.
Package hyperref Info: PDF/A mode OFF on input line 6105.
LaTeX Info: Redefining \ref on input line 6145.
LaTeX Info: Redefining \pageref on input line 6149.
 (/usr/local/texlive/2021/texmf-dist/tex/latex/base/atbegshi-ltx.sty
Package: atbegshi-ltx 2020/08/17 v1.0a Emulation of the original atbegshi package
with kernel methods
)
\Hy@abspage=\count424
\c@Item=\count425
\c@Hfootnote=\count426
)
Package hyperref Info: Driver (autodetected): hpdftex.
 (/usr/local/texlive/2021/texmf-dist/tex/latex/hyperref/hpdftex.def
File: hpdftex.def 2021-02-27 v7.00k Hyperref driver for pdfTeX
 (/usr/local/texlive/2021/texmf-dist/tex/latex/base/atveryend-ltx.sty
Package: atveryend-ltx 2020/08/19 v1.0a Emulation of the original atvery package
with kernel methods
)
\Fld@listcount=\count427
\c@bookmark@seq@number=\count428
 (/usr/local/texlive/2021/texmf-dist/tex/latex/rerunfilecheck/rerunfilecheck.sty
Package: rerunfilecheck 2019/12/05 v1.9 Rerun checks for auxiliary files (HO)
 (/usr/local/texlive/2021/texmf-dist/tex/generic/uniquecounter/uniquecounter.sty
Package: uniquecounter 2019/12/15 v1.4 Provide unlimited unique counter (HO)
)
Package uniquecounter Info: New unique counter `rerunfilecheck' on input line 286.
)
\Hy@SectionHShift=\skip118
) (/usr/local/texlive/2021/texmf-dist/tex/latex/bookmark/bookmark.sty
Package: bookmark 2020-11-06 v1.29 PDF bookmarks (HO)
 (/usr/local/texlive/2021/texmf-dist/tex/latex/bookmark/bkm-pdftex.def
File: bkm-pdftex.def 2020-11-06 v1.29 bookmark driver for pdfTeX (HO)
\BKM@id=\count429
)) (/usr/local/texlive/2021/texmf-dist/tex/latex/caption/caption.sty
Package: caption 2020/10/26 v3.5g Customizing captions (AR)
 (/usr/local/texlive/2021/texmf-dist/tex/latex/caption/caption3.sty
Package: caption3 2020/10/21 v2.2e caption3 kernel (AR)
\captionmargin=\dimen185
\captionmargin@=\dimen186
\captionwidth=\dimen187
\caption@tempdima=\dimen188
\caption@indent=\dimen189
\caption@parindent=\dimen190
\caption@hangindent=\dimen191
Package caption Info: Standard document class detected.
)
\c@caption@flags=\count430
\c@continuedfloat=\count431
Package caption Info: hyperref package is loaded.
Package caption Info: rotating package is loaded.
) (/usr/local/texlive/2021/texmf-dist/tex/latex/caption/subcaption.sty
Package: subcaption 2020/10/07 v1.3j Sub-captions (AR)
\c@subfigure=\count432
\c@subtable=\count433
) (/usr/local/texlive/2021/texmf-dist/tex/latex/glossaries/base/glossaries.sty
Package: glossaries 2020/03/19 v4.46 (NLCT)
 (/usr/local/texlive/2021/texmf-dist/tex/latex/xkeyval/xkeyval.sty
Package: xkeyval 2020/11/20 v2.8 package option processing (HA)
 (/usr/local/texlive/2021/texmf-dist/tex/generic/xkeyval/xkeyval.tex (/usr/local/texlive/2021/texmf-dist/tex/generic/xkeyval/xkvutils.tex
\XKV@toks=\toks22
\XKV@tempa@toks=\toks23
)
\XKV@depth=\count434
File: xkeyval.tex 2014/12/03 v2.7a key=value parser (HA)
)) (/usr/local/texlive/2021/texmf-dist/tex/latex/mfirstuc/mfirstuc.sty
Package: mfirstuc 2017/11/14 v2.06 (NLCT)
\@glsmfirst=\toks24
\@glsmrest=\toks25
) (/usr/local/texlive/2021/texmf-dist/tex/latex/textcase/textcase.sty
Package: textcase 2019/09/14 v1.00 Text only upper/lower case changing (DPC)
) (/usr/local/texlive/2021/texmf-dist/tex/latex/xfor/xfor.sty
Package: xfor 2009/02/05 v1.05 (NLCT)
) (/usr/local/texlive/2021/texmf-dist/tex/latex/datatool/datatool-base.sty
Package: datatool-base 2019/09/27 v2.32 (NLCT)
 (/usr/local/texlive/2021/texmf-dist/tex/latex/amsmath/amsmath.sty
Package: amsmath 2020/09/23 v2.17i AMS math features
\@mathmargin=\skip119

For additional information on amsmath, use the `?' option.
(/usr/local/texlive/2021/texmf-dist/tex/latex/amsmath/amsbsy.sty
Package: amsbsy 1999/11/29 v1.2d Bold Symbols
\pmbraise@=\dimen192
) (/usr/local/texlive/2021/texmf-dist/tex/latex/amsmath/amsopn.sty
Package: amsopn 2016/03/08 v2.02 operator names
)
\inf@bad=\count435
LaTeX Info: Redefining \frac on input line 234.
\uproot@=\count436
\leftroot@=\count437
LaTeX Info: Redefining \overline on input line 399.
\classnum@=\count438
\DOTSCASE@=\count439
LaTeX Info: Redefining \ldots on input line 496.
LaTeX Info: Redefining \dots on input line 499.
LaTeX Info: Redefining \cdots on input line 620.
\Mathstrutbox@=\box108
\strutbox@=\box109
\big@size=\dimen193
LaTeX Font Info:    Redeclaring font encoding OML on input line 743.
LaTeX Font Info:    Redeclaring font encoding OMS on input line 744.
\macc@depth=\count440
\c@MaxMatrixCols=\count441
\dotsspace@=\muskip21
\c@parentequation=\count442
\dspbrk@lvl=\count443
\tag@help=\toks26
\row@=\count444
\column@=\count445
\maxfields@=\count446
\andhelp@=\toks27
\eqnshift@=\dimen194
\alignsep@=\dimen195
\tagshift@=\dimen196
\tagwidth@=\dimen197
\totwidth@=\dimen198
\lineht@=\dimen199
\@envbody=\toks28
\multlinegap=\skip120
\multlinetaggap=\skip121
\mathdisplay@stack=\toks29
LaTeX Info: Redefining \[ on input line 2923.
LaTeX Info: Redefining \] on input line 2924.
) (/usr/local/texlive/2021/texmf-dist/tex/latex/substr/substr.sty
Package: substr 2009/10/20 v1.2 Handle substrings
\c@su@anzahl=\count447
) (/usr/local/texlive/2021/texmf-dist/tex/latex/datatool/datatool-fp.sty
Package: datatool-fp 2019/09/27 v2.32 (NLCT)
 (/usr/local/texlive/2021/texmf-dist/tex/latex/fp/fp.sty
Package: fp 1995/04/02
 `Fixed Point Package', Version 0.8, April 2, 1995 (C) Michael Mehlich (/usr/local/texlive/2021/texmf-dist/tex/latex/fp/defpattern.sty
Package: defpattern 1994/10/12
\actioncount=\count448
) (/usr/local/texlive/2021/texmf-dist/tex/latex/fp/fp-basic.sty
Package: fp-basic 1996/05/13
\FP@xs=\count449
\FP@xia=\count450
\FP@xib=\count451
\FP@xfa=\count452
\FP@xfb=\count453
\FP@rega=\count454
\FP@regb=\count455
\FP@regs=\count456
\FP@times=\count457
) (/usr/local/texlive/2021/texmf-dist/tex/latex/fp/fp-addons.sty
Package: fp-addons 1995/03/15
) (/usr/local/texlive/2021/texmf-dist/tex/latex/fp/fp-snap.sty
Package: fp-snap 1995/04/05
) (/usr/local/texlive/2021/texmf-dist/tex/latex/fp/fp-exp.sty
Package: fp-exp 1995/04/03
) (/usr/local/texlive/2021/texmf-dist/tex/latex/fp/fp-trigo.sty
Package: fp-trigo 1995/04/14
) (/usr/local/texlive/2021/texmf-dist/tex/latex/fp/fp-pas.sty
Package: fp-pas 1994/08/29
) (/usr/local/texlive/2021/texmf-dist/tex/latex/fp/fp-random.sty
Package: fp-random 1995/02/23
\FPseed=\count458
) (/usr/local/texlive/2021/texmf-dist/tex/latex/fp/fp-eqn.sty
Package: fp-eqn 1995/04/03
) (/usr/local/texlive/2021/texmf-dist/tex/latex/fp/fp-upn.sty
Package: fp-upn 1996/10/21
) (/usr/local/texlive/2021/texmf-dist/tex/latex/fp/fp-eval.sty
Package: fp-eval 1995/04/03
)))
\@dtl@toks=\toks30
\@dtl@tmpcount=\count459
\dtl@tmplength=\skip122
\dtl@sortresult=\count460
\@dtl@numgrpsepcount=\count461
\@dtl@datatype=\count462
\dtl@codeA=\count463
\dtl@codeB=\count464
\@dtl@foreach@level=\count465
) (/usr/local/texlive/2021/texmf-dist/tex/latex/glossaries/base/glossaries-compatible-307.sty
Package: glossaries-compatible-307 2020/03/19 v4.46 (NLCT)
) (/usr/local/texlive/2021/texmf-dist/tex/latex/tracklang/tracklang.sty
Package: tracklang 2020/06/30 v1.5 (NLCT) Track Languages
 (/usr/local/texlive/2021/texmf-dist/tex/generic/tracklang/tracklang.tex)) (/usr/local/texlive/2021/texmf-dist/tex/latex/glossaries-english/glossaries-english.ldf
File: glossaries-english.ldf 2014/11/23 v1.0
)
\gls@level=\count466
\@gls@tmpb=\toks31
\gls@tmplen=\skip123
\glskeylisttok=\toks32
\glslabeltok=\toks33
\glsshorttok=\toks34
\glslongtok=\toks35
 (/usr/local/texlive/2021/texmf-dist/tex/latex/glossaries/styles/glossary-hypernav.sty
Package: glossary-hypernav 2020/03/19 v4.46 (NLCT)
) (/usr/local/texlive/2021/texmf-dist/tex/latex/glossaries/styles/glossary-list.sty
Package: glossary-list 2020/03/19 v4.46 (NLCT)
\glslistdottedwidth=\skip124
) (/usr/local/texlive/2021/texmf-dist/tex/latex/glossaries/styles/glossary-long.sty
Package: glossary-long 2020/03/19 v4.46 (NLCT)
 (/usr/local/texlive/2021/texmf-dist/tex/latex/tools/longtable.sty
Package: longtable 2020/01/07 v4.13 Multi-page Table package (DPC)
\LTleft=\skip125
\LTright=\skip126
\LTpre=\skip127
\LTpost=\skip128
\LTchunksize=\count467
\LTcapwidth=\dimen256
\LT@head=\box110
\LT@firsthead=\box111
\LT@foot=\box112
\LT@lastfoot=\box113
\LT@cols=\count468
\LT@rows=\count469
\c@LT@tables=\count470
\c@LT@chunks=\count471
\LT@p@ftn=\toks36
)
\glsdescwidth=\skip129
\glspagelistwidth=\skip130
) (/usr/local/texlive/2021/texmf-dist/tex/latex/glossaries/styles/glossary-super.sty
Package: glossary-super 2020/03/19 v4.46 (NLCT)
 (/usr/local/texlive/2021/texmf-dist/tex/latex/supertabular/supertabular.sty
Package: supertabular 2020/02/02 v4.1g the supertabular environment
\c@tracingst=\count472
\ST@wd=\dimen257
\ST@rightskip=\skip131
\ST@leftskip=\skip132
\ST@parfillskip=\skip133
\ST@pageleft=\dimen258
\ST@headht=\dimen259
\ST@tailht=\dimen260
\ST@pagesofar=\dimen261
\ST@pboxht=\dimen262
\ST@lineht=\dimen263
\ST@prevht=\dimen264
\ST@toadd=\dimen265
\ST@dimen=\dimen266
\ST@pbox=\box114
)) (/usr/local/texlive/2021/texmf-dist/tex/latex/glossaries/styles/glossary-tree.sty
Package: glossary-tree 2020/03/19 v4.46 (NLCT)
\glstreeindent=\skip134
)) (/usr/local/texlive/2021/texmf-dist/tex/latex/doi/doi.sty
Package: doi 2018/09/09 handle doi numbers
) (/usr/local/texlive/2021/texmf-dist/tex/latex/amsfonts/amsfonts.sty
Package: amsfonts 2013/01/14 v3.01 Basic AMSFonts support
\symAMSa=\mathgroup4
\symAMSb=\mathgroup5
LaTeX Font Info:    Redeclaring math symbol \hbar on input line 98.
LaTeX Font Info:    Overwriting math alphabet `\mathfrak' in version `bold'
(Font)                  U/euf/m/n --> U/euf/b/n on input line 106.
) (/usr/local/texlive/2021/texmf-dist/tex/latex/booktabs/booktabs.sty
Package: booktabs 2020/01/12 v1.61803398 Publication quality tables
\heavyrulewidth=\dimen267
\lightrulewidth=\dimen268
\cmidrulewidth=\dimen269
\belowrulesep=\dimen270
\belowbottomsep=\dimen271
\aboverulesep=\dimen272
\abovetopsep=\dimen273
\cmidrulesep=\dimen274
\cmidrulekern=\dimen275
\defaultaddspace=\dimen276
\@cmidla=\count473
\@cmidlb=\count474
\@aboverulesep=\dimen277
\@belowrulesep=\dimen278
\@thisruleclass=\count475
\@lastruleclass=\count476
\@thisrulewidth=\dimen279
) (/usr/local/texlive/2021/texmf-dist/tex/latex/wrapfig/wrapfig.sty
\wrapoverhang=\dimen280
\WF@size=\dimen281
\c@WF@wrappedlines=\count477
\WF@box=\box115
\WF@everypar=\toks37
Package: wrapfig 2003/01/31  v 3.6
) (/usr/local/texlive/2021/texmf-dist/tex/latex/multirow/multirow.sty
Package: multirow 2021/03/15 v2.8 Span multiple rows of a table
\multirow@colwidth=\skip135
\multirow@cntb=\count478
\multirow@dima=\skip136
\bigstrutjot=\dimen282
) (/usr/local/texlive/2021/texmf-dist/tex/latex/adjustbox/adjustbox.sty
Package: adjustbox 2020/08/19 v1.3 Adjusting TeX boxes (trim, clip, ...)
 (/usr/local/texlive/2021/texmf-dist/tex/latex/adjustbox/adjcalc.sty
Package: adjcalc 2012/05/16 v1.1 Provides advanced setlength with multiple back-ends (calc, etex, pgfmath)
) (/usr/local/texlive/2021/texmf-dist/tex/latex/adjustbox/trimclip.sty
Package: trimclip 2020/08/19 v1.2 Trim and clip general TeX material
 (/usr/local/texlive/2021/texmf-dist/tex/latex/collectbox/collectbox.sty
Package: collectbox 2012/05/17 v0.4b Collect macro arguments as boxes
\collectedbox=\box116
)
\tc@llx=\dimen283
\tc@lly=\dimen284
\tc@urx=\dimen285
\tc@ury=\dimen286
Package trimclip Info: Using driver 'tc-pdftex.def'.
 (/usr/local/texlive/2021/texmf-dist/tex/latex/adjustbox/tc-pdftex.def
File: tc-pdftex.def 2019/01/04 v2.2 Clipping driver for pdftex
))
\adjbox@Width=\dimen287
\adjbox@Height=\dimen288
\adjbox@Depth=\dimen289
\adjbox@Totalheight=\dimen290
\adjbox@pwidth=\dimen291
\adjbox@pheight=\dimen292
\adjbox@pdepth=\dimen293
\adjbox@ptotalheight=\dimen294
 (/usr/local/texlive/2021/texmf-dist/tex/latex/varwidth/varwidth.sty
Package: varwidth 2009/03/30 ver 0.92;  Variable-width minipages
\@vwid@box=\box117
\sift@deathcycles=\count479
\@vwid@loff=\dimen295
\@vwid@roff=\dimen296
)) (/usr/local/texlive/2021/texmf-dist/tex/latex/cleveref/cleveref.sty
Package: cleveref 2018/03/27 v0.21.4 Intelligent cross-referencing
Package cleveref Info: `hyperref' support loaded on input line 2370.
LaTeX Info: Redefining \cref on input line 2370.
LaTeX Info: Redefining \Cref on input line 2370.
LaTeX Info: Redefining \crefrange on input line 2370.
LaTeX Info: Redefining \Crefrange on input line 2370.
LaTeX Info: Redefining \cpageref on input line 2370.
LaTeX Info: Redefining \Cpageref on input line 2370.
LaTeX Info: Redefining \cpagerefrange on input line 2370.
LaTeX Info: Redefining \Cpagerefrange on input line 2370.
LaTeX Info: Redefining \labelcref on input line 2370.
LaTeX Info: Redefining \labelcpageref on input line 2370.
)
\glswrite=\write4
\glo@main@file=\write5
\openout5 = `thesis.glo'.

Package glossaries Info: Writing glossary file thesis.glo on input line 51.
\glo@acronym@file=\write6
\openout6 = `thesis.acn'.

Package glossaries Info: Writing glossary file thesis.acn on input line 51.
Package hyperref Info: Option `colorlinks' set `true' on input line 71.
)
\@quotelevel=\count480
\@quotereset=\count481
LaTeX Font Info:    Trying to load font information for OT1+ptm on input line 32.
 (/usr/local/texlive/2021/texmf-dist/tex/latex/psnfss/ot1ptm.fd
File: ot1ptm.fd 2001/06/04 font definitions for OT1/ptm.
) (/Users/nielswarncke/Documents/ddsp/thesis/latex/thesis.aux)
\openout1 = `thesis.aux'.

LaTeX Font Info:    Checking defaults for OML/cmm/m/it on input line 32.
LaTeX Font Info:    ... okay on input line 32.
LaTeX Font Info:    Checking defaults for OMS/cmsy/m/n on input line 32.
LaTeX Font Info:    ... okay on input line 32.
LaTeX Font Info:    Checking defaults for OT1/cmr/m/n on input line 32.
LaTeX Font Info:    ... okay on input line 32.
LaTeX Font Info:    Checking defaults for T1/cmr/m/n on input line 32.
LaTeX Font Info:    ... okay on input line 32.
LaTeX Font Info:    Checking defaults for TS1/cmr/m/n on input line 32.
LaTeX Font Info:    ... okay on input line 32.
LaTeX Font Info:    Checking defaults for OMX/cmex/m/n on input line 32.
LaTeX Font Info:    ... okay on input line 32.
LaTeX Font Info:    Checking defaults for U/cmr/m/n on input line 32.
LaTeX Font Info:    ... okay on input line 32.
LaTeX Font Info:    Checking defaults for PD1/pdf/m/n on input line 32.
LaTeX Font Info:    ... okay on input line 32.
LaTeX Font Info:    Checking defaults for PU/pdf/m/n on input line 32.
LaTeX Font Info:    ... okay on input line 32.
 (/usr/local/texlive/2021/texmf-dist/tex/context/base/mkii/supp-pdf.mkii
[Loading MPS to PDF converter (version 2006.09.02).]
\scratchcounter=\count482
\scratchdimen=\dimen297
\scratchbox=\box118
\nofMPsegments=\count483
\nofMParguments=\count484
\everyMPshowfont=\toks38
\MPscratchCnt=\count485
\MPscratchDim=\dimen298
\MPnumerator=\count486
\makeMPintoPDFobject=\count487
\everyMPtoPDFconversion=\toks39
) (/usr/local/texlive/2021/texmf-dist/tex/latex/epstopdf-pkg/epstopdf-base.sty
Package: epstopdf-base 2020-01-24 v2.11 Base part for package epstopdf
Package epstopdf-base Info: Redefining graphics rule for `.eps' on input line 485.
 (/usr/local/texlive/2021/texmf-dist/tex/latex/latexconfig/epstopdf-sys.cfg
File: epstopdf-sys.cfg 2010/07/13 v1.3 Configuration of (r)epstopdf for TeX Live
))
*geometry* driver: auto-detecting
*geometry* detected driver: pdftex
*geometry* verbose mode - [ preamble ] result:
* driver: pdftex
* paper: a4paper
* layout: <same size as paper>
* layoutoffset:(h,v)=(0.0pt,0.0pt)
* modes: 
* h-part:(L,W,R)=(71.13188pt, 455.24411pt, 71.13188pt)
* v-part:(T,H,B)=(71.13188pt, 702.78308pt, 71.13188pt)
* \paperwidth=597.50787pt
* \paperheight=845.04684pt
* \textwidth=455.24411pt
* \textheight=702.78308pt
* \oddsidemargin=-1.1381pt
* \evensidemargin=-1.1381pt
* \topmargin=-38.1381pt
* \headheight=12.0pt
* \headsep=25.0pt
* \topskip=12.0pt
* \footskip=30.0pt
* \marginparwidth=44.0pt
* \marginparsep=10.0pt
* \columnsep=10.0pt
* \skip\footins=10.8pt plus 4.0pt minus 2.0pt
* \hoffset=0.0pt
* \voffset=0.0pt
* \mag=1000
* \@twocolumnfalse
* \@twosidefalse
* \@mparswitchfalse
* \@reversemarginfalse
* (1in=72.27pt=25.4mm, 1cm=28.453pt)

Package biblatex Info: Trying to load language 'english'...
Package biblatex Info: ... file 'english.lbx' found.
(/usr/local/texlive/2021/texmf-dist/tex/latex/biblatex/lbx/english.lbx
File: english.lbx 2020/12/31 v3.16 biblatex localization (PK/MW)
)
Package biblatex Info: Input encoding 'utf8' detected.
Package biblatex Info: Automatic encoding selection.
(biblatex)             Assuming data encoding 'utf8'.
Package biblatex Info: Input encoding 'utf8' specified.
Package biblatex Info: Data encoding 'utf8' specified.
(biblatex)             No need to reencode data.
Package biblatex Info: Document encoding is UTF8 ....
Package biblatex Info: ... and expl3
(biblatex)             2021-02-18 L3 programming layer (loader) 
(biblatex)             is new enough (at least 2020/04/06),
(biblatex)             setting 'casechanger=expl3'.
 (/usr/local/texlive/2021/texmf-dist/tex/latex/biblatex/blx-case-expl3.sty
Package: blx-case-expl3 2020/12/31 v3.16 expl3 case changing code for biblatex
)
\openout3 = `thesis-blx.bib'.

Package biblatex Info: Trying to load bibliographic data...
Package biblatex Info: ... file 'thesis.bbl' found.
 (/Users/nielswarncke/Documents/ddsp/thesis/latex/thesis.bbl)
Package biblatex Info: Reference section=0 on input line 32.
Package biblatex Info: Reference segment=0 on input line 32.
 (/usr/local/texlive/2021/texmf-dist/tex/latex/siunitx/siunitx-abbreviations.cfg
File: siunitx-abbreviations.cfg 2017/11/26 v2.7k siunitx: Abbreviated units
) (/usr/local/texlive/2021/texmf-dist/tex/latex/translator/translator-basic-dictionary-English.dict
Dictionary: translator-basic-dictionary, Language: English 
) (/usr/local/texlive/2021/texmf-dist/tex/latex/graphics/color.sty
Package: color 2020/02/24 v1.2b Standard LaTeX Color (DPC)
 (/usr/local/texlive/2021/texmf-dist/tex/latex/graphics-cfg/color.cfg
File: color.cfg 2016/01/02 v1.6 sample color configuration
)
Package color Info: Driver file: pdftex.def on input line 147.
)
Package hyperref Info: Link coloring ON on input line 32.
 (/usr/local/texlive/2021/texmf-dist/tex/latex/hyperref/nameref.sty
Package: nameref 2021-04-02 v2.47 Cross-referencing by name of section
 (/usr/local/texlive/2021/texmf-dist/tex/latex/refcount/refcount.sty
Package: refcount 2019/12/15 v3.6 Data extraction from label references (HO)
) (/usr/local/texlive/2021/texmf-dist/tex/generic/gettitlestring/gettitlestring.sty
Package: gettitlestring 2019/12/15 v1.6 Cleanup title references (HO)
)
\c@section@level=\count488
)
LaTeX Info: Redefining \ref on input line 32.
LaTeX Info: Redefining \pageref on input line 32.
LaTeX Info: Redefining \nameref on input line 32.
Package caption Info: Begin \AtBeginDocument code.
Package caption Info: longtable package is loaded.
 (/usr/local/texlive/2021/texmf-dist/tex/latex/caption/ltcaption.sty
Package: ltcaption 2020/05/30 v1.4b longtable captions (AR)
)
Package caption Info: supertabular package is loaded.
Package caption Info: wrapfig package is loaded.
Package caption Info: End \AtBeginDocument code.
 (/Users/nielswarncke/Documents/ddsp/thesis/latex/thesis.glsdefs)
LaTeX Font Info:    Trying to load font information for U+msa on input line 32.
 (/usr/local/texlive/2021/texmf-dist/tex/latex/amsfonts/umsa.fd
File: umsa.fd 2013/01/14 v3.01 AMS symbols A
)
LaTeX Font Info:    Trying to load font information for U+msb on input line 32.
 (/usr/local/texlive/2021/texmf-dist/tex/latex/amsfonts/umsb.fd
File: umsb.fd 2013/01/14 v3.01 AMS symbols B
)
LaTeX Font Info:    Trying to load font information for TS1+ptm on input line 34.
 (/usr/local/texlive/2021/texmf-dist/tex/latex/psnfss/ts1ptm.fd
File: ts1ptm.fd 2001/06/04 font definitions for TS1/ptm.
) [1

\openout4 = `thesis.ist'.

{/usr/local/texlive/2021/texmf-var/fonts/map/pdftex/updmap/pdftex.map}] (/Users/nielswarncke/Documents/ddsp/thesis/latex/declaration_of_independence.tex
Underfull \hbox (badness 10000) in paragraph at lines 3--6

 []

) (/Users/nielswarncke/Documents/ddsp/thesis/latex/acknowledgments.tex [2


] [3

]) (/Users/nielswarncke/Documents/ddsp/thesis/latex/summary.tex [4


]) [5

] (/Users/nielswarncke/Documents/ddsp/thesis/latex/thesis.toc [6

])
\tf@toc=\write7
\openout7 = `thesis.toc'.

 [7] (/Users/nielswarncke/Documents/ddsp/thesis/latex/thesis.lot)
\tf@lot=\write8
\openout8 = `thesis.lot'.

 [8


] (/Users/nielswarncke/Documents/ddsp/thesis/latex/thesis.lof [9


])
\tf@lof=\write9
\openout9 = `thesis.lof'.

 [10] (/Users/nielswarncke/Documents/ddsp/thesis/latex/chapters/1_introduction.tex
Chapter 1.

Underfull \hbox (badness 10000) in paragraph at lines 4--18

 []

[1




]
Underfull \hbox (badness 10000) in paragraph at lines 28--30

 []

[2]) (/Users/nielswarncke/Documents/ddsp/thesis/latex/chapters/2_related_work.tex [3]
Chapter 2.

Underfull \hbox (badness 10000) in paragraph at lines 13--23

 []

<schema/ddsp.png, id=227, 726.715pt x 319.1925pt>
File: schema/ddsp.png Graphic file (type png)
<use schema/ddsp.png>
Package pdftex.def Info: schema/ddsp.png  used on input line 29.
(pdftex.def)             Requested size: 401.50146pt x 176.35516pt.
[4

]
Underfull \hbox (badness 10000) in paragraph at lines 49--51

 []

<figures/harmonic_wave.png, id=234, 347.2975pt x 177.66376pt>
File: figures/harmonic_wave.png Graphic file (type png)
<use figures/harmonic_wave.png>
Package pdftex.def Info: figures/harmonic_wave.png  used on input line 55.
(pdftex.def)             Requested size: 204.85846pt x 104.80173pt.
<figures/harmonic_spectro.png, id=235, 420.57124pt x 304.13625pt>
File: figures/harmonic_spectro.png Graphic file (type png)
<use figures/harmonic_spectro.png>
Package pdftex.def Info: figures/harmonic_spectro.png  used on input line 60.
(pdftex.def)             Requested size: 204.85846pt x 148.14168pt.

Underfull \hbox (badness 10000) in paragraph at lines 67--68

 []

[5 </Users/nielswarncke/Documents/ddsp/thesis/latex/schema/ddsp.png>]
<figures/filtered_noise_wave.png, id=250, 461.725pt x 287.0725pt>
File: figures/filtered_noise_wave.png Graphic file (type png)
<use figures/filtered_noise_wave.png>
Package pdftex.def Info: figures/filtered_noise_wave.png  used on input line 72.
(pdftex.def)             Requested size: 204.85846pt x 127.36795pt.
<figures/filtered_noise_spectro.png, id=251, 420.57124pt x 304.13625pt>
File: figures/filtered_noise_spectro.png Graphic file (type png)
<use figures/filtered_noise_spectro.png>
Package pdftex.def Info: figures/filtered_noise_spectro.png  used on input line 77.
(pdftex.def)             Requested size: 204.85846pt x 148.14168pt.
 [6 </Users/nielswarncke/Documents/ddsp/thesis/latex/figures/harmonic_wave.png> </Users/nielswarncke/Documents/ddsp/thesis/latex/figures/harmonic_spectro.png> </Users/nielswarncke/Documents/ddsp/thesis/latex/figures/filtered_noise_wave.png> </Users/nielswarncke/Documents/ddsp/thesis/latex/figures/filtered_noise_spectro.png>]
Underfull \hbox (badness 10000) in paragraph at lines 96--99

 []

[7] [8]
Underfull \hbox (badness 10000) in paragraph at lines 137--139

 []


Underfull \hbox (badness 10000) in paragraph at lines 147--153

 []

) (/Users/nielswarncke/Documents/ddsp/thesis/latex/chapters/3_methods.tex [9]
Chapter 3.

Underfull \hbox (badness 10000) in paragraph at lines 4--12

 []

[10

] [11]
<figures/cycle_reconstruction_loss.png, id=328, 2987.16pt x 1373.13pt>
File: figures/cycle_reconstruction_loss.png Graphic file (type png)
<use figures/cycle_reconstruction_loss.png>
Package pdftex.def Info: figures/cycle_reconstruction_loss.png  used on input line 34.
(pdftex.def)             Requested size: 364.19667pt x 167.40848pt.

Underfull \hbox (badness 10000) in paragraph at lines 45--53

 []

[12 </Users/nielswarncke/Documents/ddsp/thesis/latex/figures/cycle_reconstruction_loss.png>]
Overfull \hbox (42.34453pt too wide) in paragraph at lines 56--79
[][] 
 []

[13]
Overfull \hbox (10.05167pt too wide) in paragraph at lines 109--115
\OT1/ptm/m/n/12 ral out-put. Au-dio sam-ples are shown Fig-ure [][]3.3[][] and can be lis-tened to on [][]niel-srolf.github.io?thesis[][]. 
 []

<figures/time_distributed_z_baseline.png, id=351, 409.53pt x 402.50375pt>
File: figures/time_distributed_z_baseline.png Graphic file (type png)
<use figures/time_distributed_z_baseline.png>
Package pdftex.def Info: figures/time_distributed_z_baseline.png  used on input line 120.
(pdftex.def)             Requested size: 136.57462pt x 134.2331pt.
<figures/time_average_z_baseline.png.png, id=352, 409.53pt x 402.50375pt>
File: figures/time_average_z_baseline.png.png Graphic file (type png)
<use figures/time_average_z_baseline.png.png>
Package pdftex.def Info: figures/time_average_z_baseline.png.png  used on input line 125.
(pdftex.def)             Requested size: 136.57462pt x 134.2331pt.
<figures/time_groupwise_z_improved.png, id=353, 409.53pt x 402.50375pt>
File: figures/time_groupwise_z_improved.png Graphic file (type png)
<use figures/time_groupwise_z_improved.png>
Package pdftex.def Info: figures/time_groupwise_z_improved.png  used on input line 130.
(pdftex.def)             Requested size: 136.57462pt x 134.2331pt.
[14]
<figures/heatmaps/reconstruction_baseline.png, id=359, 578.16pt x 578.16pt>
File: figures/heatmaps/reconstruction_baseline.png Graphic file (type png)
<use figures/heatmaps/reconstruction_baseline.png>
Package pdftex.def Info: figures/heatmaps/reconstruction_baseline.png  used on input line 163.
(pdftex.def)             Requested size: 578.15858pt x 578.15858pt.
<figures/heatmaps/reconstruction_average.png, id=360, 578.16pt x 578.16pt>
File: figures/heatmaps/reconstruction_average.png Graphic file (type png)
<use figures/heatmaps/reconstruction_average.png>
Package pdftex.def Info: figures/heatmaps/reconstruction_average.png  used on input line 164.
(pdftex.def)             Requested size: 578.15858pt x 578.15858pt.
<figures/heatmaps/reconstruction_improved.png, id=361, 578.16pt x 578.16pt>
File: figures/heatmaps/reconstruction_improved.png Graphic file (type png)
<use figures/heatmaps/reconstruction_improved.png>
Package pdftex.def Info: figures/heatmaps/reconstruction_improved.png  used on input line 165.
(pdftex.def)             Requested size: 578.15858pt x 578.15858pt.
<figures/heatmaps/cycle_baseline.png, id=362, 578.16pt x 578.16pt>
File: figures/heatmaps/cycle_baseline.png Graphic file (type png)
<use figures/heatmaps/cycle_baseline.png>
Package pdftex.def Info: figures/heatmaps/cycle_baseline.png  used on input line 167.
(pdftex.def)             Requested size: 578.15858pt x 578.15858pt.
<figures/heatmaps/cycle_average.png, id=363, 578.16pt x 578.16pt>
File: figures/heatmaps/cycle_average.png Graphic file (type png)
<use figures/heatmaps/cycle_average.png>
Package pdftex.def Info: figures/heatmaps/cycle_average.png  used on input line 168.
(pdftex.def)             Requested size: 578.15858pt x 578.15858pt.
<figures/heatmaps/cycle_improved.png, id=364, 578.16pt x 578.16pt>
File: figures/heatmaps/cycle_improved.png Graphic file (type png)
<use figures/heatmaps/cycle_improved.png>
Package pdftex.def Info: figures/heatmaps/cycle_improved.png  used on input line 169.
(pdftex.def)             Requested size: 578.15858pt x 578.15858pt.

Overfull \hbox (25.5146pt too wide) in paragraph at lines 159--171
 [][] 
 []

[15 </Users/nielswarncke/Documents/ddsp/thesis/latex/figures/time_distributed_z_baseline.png> </Users/nielswarncke/Documents/ddsp/thesis/latex/figures/time_average_z_baseline.png.png> </Users/nielswarncke/Documents/ddsp/thesis/latex/figures/time_groupwise_z_improved.png>] [16 </Users/nielswarncke/Documents/ddsp/thesis/latex/figures/heatmaps/reconstruction_baseline.png> </Users/nielswarncke/Documents/ddsp/thesis/latex/figures/heatmaps/reconstruction_average.png> </Users/nielswarncke/Documents/ddsp/thesis/latex/figures/heatmaps/reconstruction_improved.png> </Users/nielswarncke/Documents/ddsp/thesis/latex/figures/heatmaps/cycle_baseline.png> </Users/nielswarncke/Documents/ddsp/thesis/latex/figures/heatmaps/cycle_average.png> </Users/nielswarncke/Documents/ddsp/thesis/latex/figures/heatmaps/cycle_improved.png>]
<schema/loudness.png, id=389, 1686.3pt x 2216.28pt>
File: schema/loudness.png Graphic file (type png)
<use schema/loudness.png>
Package pdftex.def Info: schema/loudness.png  used on input line 201.
(pdftex.def)             Requested size: 351.31378pt x 461.7126pt.
<figures/loudness/reconstruction_baseline.png, id=390, 578.16pt x 578.16pt>
File: figures/loudness/reconstruction_baseline.png Graphic file (type png)
<use figures/loudness/reconstruction_baseline.png>
Package pdftex.def Info: figures/loudness/reconstruction_baseline.png  used on input line 211.
(pdftex.def)             Requested size: 204.85846pt x 204.85565pt.
<figures/loudness/reconstruction_new_loudness.png, id=391, 578.16pt x 578.16pt>
File: figures/loudness/reconstruction_new_loudness.png Graphic file (type png)
<use figures/loudness/reconstruction_new_loudness.png>
Package pdftex.def Info: figures/loudness/reconstruction_new_loudness.png  used on input line 217.
(pdftex.def)             Requested size: 204.85846pt x 204.85565pt.
 [17] [18 </Users/nielswarncke/Documents/ddsp/thesis/latex/schema/loudness.png>] [19 </Users/nielswarncke/Documents/ddsp/thesis/latex/figures/loudness/reconstruction_baseline.png> </Users/nielswarncke/Documents/ddsp/thesis/latex/figures/loudness/reconstruction_new_loudness.png>]
Overfull \hbox (2.88652pt too wide) in paragraph at lines 240--241
\OT1/ptm/m/n/12 dis-tri-bu-tion that many per-cep-tu-ally rel-e-vant fea-tures are hardly vis-i-ble. As a so-lu-tion, I unskewed
 []

<figures/mss/unskewing.png, id=411, 713.66624pt x 281.05pt>
File: figures/mss/unskewing.png Graphic file (type png)
<use figures/mss/unskewing.png>
Package pdftex.def Info: figures/mss/unskewing.png  used on input line 249.
(pdftex.def)             Requested size: 455.24411pt x 179.27957pt.
[20 </Users/nielswarncke/Documents/ddsp/thesis/latex/figures/mss/unskewing.png>]
<figures/mss/spectral_diff.png, id=423, 1064.778pt x 860.013pt>
File: figures/mss/spectral_diff.png Graphic file (type png)
<use figures/mss/spectral_diff.png>
Package pdftex.def Info: figures/mss/spectral_diff.png  used on input line 262.
(pdftex.def)             Requested size: 455.24411pt x 367.69875pt.
<figures/mss/performance_scatter.png, id=424, 652.839pt x 629.2308pt>
File: figures/mss/performance_scatter.png Graphic file (type png)
<use figures/mss/performance_scatter.png>
Package pdftex.def Info: figures/mss/performance_scatter.png  used on input line 271.
(pdftex.def)             Requested size: 227.62206pt x 219.38916pt.
 [21 </Users/nielswarncke/Documents/ddsp/thesis/latex/figures/mss/spectral_diff.png>]
<figures/ablations.png, id=432, 1303.7508pt x 1185.7098pt>
File: figures/ablations.png Graphic file (type png)
<use figures/ablations.png>
Package pdftex.def Info: figures/ablations.png  used on input line 293.
(pdftex.def)             Requested size: 455.24411pt x 414.02765pt.
 [22 </Users/nielswarncke/Documents/ddsp/thesis/latex/figures/mss/performance_scatter.png>] [23 </Users/nielswarncke/Documents/ddsp/thesis/latex/figures/ablations.png>]
<figures/all_datasets.png, id=446, 928.4286pt x 1051.2876pt>
File: figures/all_datasets.png Graphic file (type png)
<use figures/all_datasets.png>
Package pdftex.def Info: figures/all_datasets.png  used on input line 345.
(pdftex.def)             Requested size: 318.66948pt x 360.83382pt.
 [24]
Underfull \hbox (badness 10000) in paragraph at lines 355--369

 []

[25 </Users/nielswarncke/Documents/ddsp/thesis/latex/figures/all_datasets.png>] [26]
<figures/fine-tuning/overview.png, id=467, 774.7344pt x 739.0812pt>
File: figures/fine-tuning/overview.png Graphic file (type png)
<use figures/fine-tuning/overview.png>
Package pdftex.def Info: figures/fine-tuning/overview.png  used on input line 375.
(pdftex.def)             Requested size: 204.85846pt x 195.42705pt.
<figures/fine-tuning/final.png, id=468, 775.2162pt x 739.563pt>
File: figures/fine-tuning/final.png Graphic file (type png)
<use figures/fine-tuning/final.png>
Package pdftex.def Info: figures/fine-tuning/final.png  used on input line 383.
(pdftex.def)             Requested size: 204.85846pt x 195.4303pt.
 [27 </Users/nielswarncke/Documents/ddsp/thesis/latex/figures/fine-tuning/overview.png> </Users/nielswarncke/Documents/ddsp/thesis/latex/figures/fine-tuning/final.png>]
<figures/fine-tuning/exp1/metrics_over_step_train.png, id=477, 687.5286pt x 664.884pt>
File: figures/fine-tuning/exp1/metrics_over_step_train.png Graphic file (type png)
<use figures/fine-tuning/exp1/metrics_over_step_train.png>
Package pdftex.def Info: figures/fine-tuning/exp1/metrics_over_step_train.png  used on input line 403.
(pdftex.def)             Requested size: 204.85846pt x 198.10727pt.
<figures/fine-tuning/exp1/metrics_over_step_twinkle.png, id=478, 685.1196pt x 629.7126pt>
File: figures/fine-tuning/exp1/metrics_over_step_twinkle.png Graphic file (type png)
<use figures/fine-tuning/exp1/metrics_over_step_twinkle.png>
Package pdftex.def Info: figures/fine-tuning/exp1/metrics_over_step_twinkle.png  used on input line 408.
(pdftex.def)             Requested size: 204.85846pt x 188.29066pt.
<figures/fine-tuning/twinkle-initial-cycled.png, id=479, 465.9006pt x 454.3374pt>
File: figures/fine-tuning/twinkle-initial-cycled.png Graphic file (type png)
<use figures/fine-tuning/twinkle-initial-cycled.png>
Package pdftex.def Info: figures/fine-tuning/twinkle-initial-cycled.png  used on input line 420.
(pdftex.def)             Requested size: 163.88739pt x 159.81772pt.
<figures/fine-tuning/exp1/twinkle-cycled-tuned.png, id=480, 465.9006pt x 454.3374pt>
File: figures/fine-tuning/exp1/twinkle-cycled-tuned.png Graphic file (type png)
<use figures/fine-tuning/exp1/twinkle-cycled-tuned.png>
Package pdftex.def Info: figures/fine-tuning/exp1/twinkle-cycled-tuned.png  used on input line 426.
(pdftex.def)             Requested size: 163.88739pt x 159.81772pt.
 [28 </Users/nielswarncke/Documents/ddsp/thesis/latex/figures/fine-tuning/exp1/metrics_over_step_train.png> </Users/nielswarncke/Documents/ddsp/thesis/latex/figures/fine-tuning/exp1/metrics_over_step_twinkle.png> </Users/nielswarncke/Documents/ddsp/thesis/latex/figures/fine-tuning/twinkle-initial-cycled.png> </Users/nielswarncke/Documents/ddsp/thesis/latex/figures/fine-tuning/exp1/twinkle-cycled-tuned.png>]
<figures/fine-tuning/cycle-objective/metrics-over-step.png, id=489, 685.1196pt x 629.7126pt>
File: figures/fine-tuning/cycle-objective/metrics-over-step.png Graphic file (type png)
<use figures/fine-tuning/cycle-objective/metrics-over-step.png>
Package pdftex.def Info: figures/fine-tuning/cycle-objective/metrics-over-step.png  used on input line 456.
(pdftex.def)             Requested size: 227.62206pt x 209.20865pt.
 [29 </Users/nielswarncke/Documents/ddsp/thesis/latex/figures/fine-tuning/cycle-objective/metrics-over-step.png>]
<figures/fine-tuning/decoder-only/metrics-over-steps.png, id=496, 716.4366pt x 629.7126pt>
File: figures/fine-tuning/decoder-only/metrics-over-steps.png Graphic file (type png)
<use figures/fine-tuning/decoder-only/metrics-over-steps.png>
Package pdftex.def Info: figures/fine-tuning/decoder-only/metrics-over-steps.png  used on input line 476.
(pdftex.def)             Requested size: 204.85846pt x 180.05608pt.
<figures/fine-tuning/multi-task/metrics.png, id=497, 716.4366pt x 629.7126pt>
File: figures/fine-tuning/multi-task/metrics.png Graphic file (type png)
<use figures/fine-tuning/multi-task/metrics.png>
Package pdftex.def Info: figures/fine-tuning/multi-task/metrics.png  used on input line 482.
(pdftex.def)             Requested size: 204.85846pt x 180.05608pt.
 [30 </Users/nielswarncke/Documents/ddsp/thesis/latex/figures/fine-tuning/decoder-only/metrics-over-steps.png> </Users/nielswarncke/Documents/ddsp/thesis/latex/figures/fine-tuning/multi-task/metrics.png>]
<figures/fine-tuning/mel/spec.png, id=508, 350.2686pt x 232.7094pt>
File: figures/fine-tuning/mel/spec.png Graphic file (type png)
<use figures/fine-tuning/mel/spec.png>
Package pdftex.def Info: figures/fine-tuning/mel/spec.png  used on input line 503.
(pdftex.def)             Requested size: 223.07211pt x 148.20201pt.
<figures/mss/piano-untuned-cycled.png, id=509, 465.9006pt x 454.3374pt>
File: figures/mss/piano-untuned-cycled.png Graphic file (type png)
<use figures/mss/piano-untuned-cycled.png>
Package pdftex.def Info: figures/mss/piano-untuned-cycled.png  used on input line 505.
(pdftex.def)             Requested size: 223.07211pt x 217.53873pt.
<figures/fine-tuning/mel/melspec.png, id=510, 350.2686pt x 232.7094pt>
File: figures/fine-tuning/mel/melspec.png Graphic file (type png)
<use figures/fine-tuning/mel/melspec.png>
Package pdftex.def Info: figures/fine-tuning/mel/melspec.png  used on input line 511.
(pdftex.def)             Requested size: 223.07211pt x 148.20201pt.
<figures/mss/mel-piano-untuned-cycled.png, id=511, 465.9006pt x 454.3374pt>
File: figures/mss/mel-piano-untuned-cycled.png Graphic file (type png)
<use figures/mss/mel-piano-untuned-cycled.png>
Package pdftex.def Info: figures/mss/mel-piano-untuned-cycled.png  used on input line 513.
(pdftex.def)             Requested size: 223.07211pt x 217.53873pt.
<figures/fine-tuning/mel/metrics.png, id=512, 712.1004pt x 629.7126pt>
File: figures/fine-tuning/mel/metrics.png Graphic file (type png)
<use figures/fine-tuning/mel/metrics.png>
Package pdftex.def Info: figures/fine-tuning/mel/metrics.png  used on input line 524.
(pdftex.def)             Requested size: 227.62206pt x 201.28154pt.
) (/Users/nielswarncke/Documents/ddsp/thesis/latex/chapters/5_conclusion.tex [31] [32 </Users/nielswarncke/Documents/ddsp/thesis/latex/figures/fine-tuning/mel/spec.png> </Users/nielswarncke/Documents/ddsp/thesis/latex/figures/mss/piano-untuned-cycled.png> </Users/nielswarncke/Documents/ddsp/thesis/latex/figures/fine-tuning/mel/melspec.png> </Users/nielswarncke/Documents/ddsp/thesis/latex/figures/mss/mel-piano-untuned-cycled.png> </Users/nielswarncke/Documents/ddsp/thesis/latex/figures/fine-tuning/mel/metrics.png>]
Chapter 4.

Underfull \hbox (badness 10000) in paragraph at lines 4--14

 []

[33

]
Underfull \hbox (badness 10000) in paragraph at lines 18--24

 []

[34]
Underfull \hbox (badness 10000) in paragraph at lines 27--32

 []

[35]) (/Users/nielswarncke/Documents/ddsp/thesis/latex/chapters/appendix.tex [36] [37


]
Appendix A.

Underfull \hbox (badness 10000) in paragraph at lines 6--10

 []

[38

]
<figures/pitch_learning/global/ideal_l1.png, id=570, 232.4685pt x 252.4632pt>
File: figures/pitch_learning/global/ideal_l1.png Graphic file (type png)
<use figures/pitch_learning/global/ideal_l1.png>
Package pdftex.def Info: figures/pitch_learning/global/ideal_l1.png  used on input line 46.
(pdftex.def)             Requested size: 109.26108pt x 118.66156pt.
<figures/pitch_learning/global/spectral_centroid.png, id=571, 232.4685pt x 252.4632pt>
File: figures/pitch_learning/global/spectral_centroid.png Graphic file (type png)
<use figures/pitch_learning/global/spectral_centroid.png>
Package pdftex.def Info: figures/pitch_learning/global/spectral_centroid.png  used on input line 47.
(pdftex.def)             Requested size: 109.26108pt x 118.66156pt.
<figures/pitch_learning/global/mss.png, id=572, 232.4685pt x 252.4632pt>
File: figures/pitch_learning/global/mss.png Graphic file (type png)
<use figures/pitch_learning/global/mss.png>
Package pdftex.def Info: figures/pitch_learning/global/mss.png  used on input line 48.
(pdftex.def)             Requested size: 109.26108pt x 118.66156pt.
<figures/pitch_learning/global/umss.png, id=573, 232.4685pt x 252.4632pt>
File: figures/pitch_learning/global/umss.png Graphic file (type png)
<use figures/pitch_learning/global/umss.png>
Package pdftex.def Info: figures/pitch_learning/global/umss.png  used on input line 49.
(pdftex.def)             Requested size: 109.26108pt x 118.66156pt.

Overfull \hbox (29.80026pt too wide) in paragraph at lines 45--51
[][] 
 []

[39 </Users/nielswarncke/Documents/ddsp/thesis/latex/figures/pitch_learning/global/ideal_l1.png> </Users/nielswarncke/Documents/ddsp/thesis/latex/figures/pitch_learning/global/spectral_centroid.png> </Users/nielswarncke/Documents/ddsp/thesis/latex/figures/pitch_learning/global/mss.png> </Users/nielswarncke/Documents/ddsp/thesis/latex/figures/pitch_learning/global/umss.png>]
<figures/pitch_learning/oscillation/spectral_centroid_large.png, id=590, 549.4929pt x 347.3778pt>
File: figures/pitch_learning/oscillation/spectral_centroid_large.png Graphic file (type png)
<use figures/pitch_learning/oscillation/spectral_centroid_large.png>
Package pdftex.def Info: figures/pitch_learning/oscillation/spectral_centroid_large.png  used on input line 64.
(pdftex.def)             Requested size: 227.62206pt x 143.89937pt.
 [40 </Users/nielswarncke/Documents/ddsp/thesis/latex/figures/pitch_learning/oscillation/spectral_centroid_large.png>]
<figures/pitch_learning/supervised/f0_classification_result.png, id=598, 376.40625pt x 247.92625pt>
File: figures/pitch_learning/supervised/f0_classification_result.png Graphic file (type png)
<use figures/pitch_learning/supervised/f0_classification_result.png>
Package pdftex.def Info: figures/pitch_learning/supervised/f0_classification_result.png  used on input line 90.
(pdftex.def)             Requested size: 141.12456pt x 92.95697pt.
<figures/pitch_learning/supervised/f0_classification_convergence.png, id=599, 376.40625pt x 263.98625pt>
File: figures/pitch_learning/supervised/f0_classification_convergence.png Graphic file (type png)
<use figures/pitch_learning/supervised/f0_classification_convergence.png>
Package pdftex.def Info: figures/pitch_learning/supervised/f0_classification_convergence.png  used on input line 92.
(pdftex.def)             Requested size: 141.12456pt x 98.97849pt.
<figures/pitch_learning/supervised/f0_regression_convergence.png, id=600, 382.42876pt x 263.98625pt>
File: figures/pitch_learning/supervised/f0_regression_convergence.png Graphic file (type png)
<use figures/pitch_learning/supervised/f0_regression_convergence.png>
Package pdftex.def Info: figures/pitch_learning/supervised/f0_regression_convergence.png  used on input line 94.
(pdftex.def)             Requested size: 141.12456pt x 97.41557pt.

Overfull \hbox (4.12961pt too wide) in paragraph at lines 89--96
 [][] 
 []

[41 </Users/nielswarncke/Documents/ddsp/thesis/latex/figures/pitch_learning/supervised/f0_classification_result.png> </Users/nielswarncke/Documents/ddsp/thesis/latex/figures/pitch_learning/supervised/f0_classification_convergence.png> </Users/nielswarncke/Documents/ddsp/thesis/latex/figures/pitch_learning/supervised/f0_regression_convergence.png>]
Appendix B.
<figures/dashboard/screen1.png, id=613, 772.8875pt x 548.0475pt>
File: figures/dashboard/screen1.png Graphic file (type png)
<use figures/dashboard/screen1.png>
Package pdftex.def Info: figures/dashboard/screen1.png  used on input line 140.
(pdftex.def)             Requested size: 409.71692pt x 290.52232pt.

Overfull \hbox (5.93387pt too wide) in paragraph at lines 128--144
\OT1/ptm/m/n/12 Below this se-lec-tion, plots that dis-play the unskewed MSS test losses and the cycle-reconstruction
 []

<figures/dashboard/screen2.png, id=614, 774.895pt x 596.2275pt>
File: figures/dashboard/screen2.png Graphic file (type png)
<use figures/dashboard/screen2.png>
Package pdftex.def Info: figures/dashboard/screen2.png  used on input line 146.
(pdftex.def)             Requested size: 409.71692pt x 315.25305pt.
[42

] [43 </Users/nielswarncke/Documents/ddsp/thesis/latex/figures/dashboard/screen1.png> </Users/nielswarncke/Documents/ddsp/thesis/latex/figures/dashboard/screen2.png>]
Appendix C.

Underfull \hbox (badness 10000) in paragraph at lines 164--165

 []


Overfull \hbox (2.4789pt too wide) in paragraph at lines 166--171
\OT1/ptm/m/n/12 Then, the pre-trained CREPE model [[][]29[][]] of the of-fi-cial im-ple-men-ta-tion on [][]github.com/marl/crepe[][]
 []

[44

]
<figures/encoder2.png, id=635, 3135.715pt x 610.28pt>
File: figures/encoder2.png Graphic file (type png)
<use figures/encoder2.png>
Package pdftex.def Info: figures/encoder2.png  used on input line 206.
(pdftex.def)             Requested size: 432.48051pt x 84.16286pt.
 [45]
<figures/decoder.png, id=644, 2296.58pt x 734.745pt>
File: figures/decoder.png Graphic file (type png)
<use figures/decoder.png>
Package pdftex.def Info: figures/decoder.png  used on input line 243.
(pdftex.def)             Requested size: 409.71692pt x 131.0712pt.

Overfull \hbox (64.6874pt too wide) in alignment at lines 251--274
 [] [] [] [] [] [] [] 
 []

[46 </Users/nielswarncke/Documents/ddsp/thesis/latex/figures/encoder2.png>]
Underfull \vbox (badness 10000) detected at line 274
 []


Overfull \hbox (64.6874pt too wide) in alignment at lines 274--294
 [] [] [] [] [] [] [] 
 []


Overfull \hbox (64.6874pt too wide) in alignment at lines 294--314
 [] [] [] [] [] [] [] 
 []

[47 </Users/nielswarncke/Documents/ddsp/thesis/latex/figures/decoder.png>]
Overfull \hbox (64.6874pt too wide) in alignment at lines 314--334
 [] [] [] [] [] [] [] 
 []

[48]
Overfull \hbox (64.6874pt too wide) in alignment at lines 334--354
 [] [] [] [] [] [] [] 
 []


Overfull \hbox (64.6874pt too wide) in alignment at lines 354--362
 [] [] [] [] [] [] [] 
 []

[49]) [50]
Overfull \hbox (21.727pt too wide) in paragraph at lines 56--56
\OT1/ptm/m/n/12 and D. Has-s-abis, ``Par-al-lel WaveNet: Fast High-Fidelity Speech Syn-the-sis,'' \OT1/ptm/m/it/12 arXiv:1711.10433
 []

[51

]
Overfull \hbox (44.21318pt too wide) in paragraph at lines 56--56
[]\OT1/ptm/m/n/12 P. Dhari-wal and A. Nichol, ``Dif-fu-sion Mod-els Beat GANs on Im-age Syn-the-sis,'' \OT1/ptm/m/it/12 arXiv:2105.05233
 []


Overfull \hbox (4.13155pt too wide) in paragraph at lines 56--56
\OT1/ptm/m/n/12 Dai, M. D. Hoff-man, M. Din-culescu, and D. Eck, ``Mu-sic Trans-former,'' \OT1/ptm/m/it/12 arXiv:1809.04281
 []

[52] [53]

Package glossaries Warning: No \printglossary or \printglossaries found. 
(Remove \makeglossaries if you don't want any glossaries.) 
This document will not have a glossary.

(/Users/nielswarncke/Documents/ddsp/thesis/latex/thesis.aux)
Package logreq Info: Writing requests to 'thesis.run.xml'.
\openout1 = `thesis.run.xml'.

 ) 
Here is how much of TeX's memory you used:
 30593 strings out of 478994
 581202 string characters out of 5858184
 1278542 words of memory out of 5000000
 47355 multiletter control sequences out of 15000+600000
 430595 words of font info for 95 fonts, out of 8000000 for 9000
 1141 hyphenation exceptions out of 8191
 117i,17n,116p,1922b,2047s stack positions out of 5000i,500n,10000p,200000b,80000s
{/usr/local/texlive/2021/texmf-dist/fonts/enc/dvips/base/8r.enc}</usr/local/texlive/2021/texmf-dist/fonts/type1/public/amsfonts/cm/cmex10.pfb></usr/local/texlive/2021/texmf-dist/fonts/type1/public/amsfonts/cm/cmmi10.pfb></usr/local/texlive/2021/texmf-dist/fonts/type1/public/amsfonts/cm/cmmi12.pfb></usr/local/texlive/2021/texmf-dist/fonts/type1/public/amsfonts/cm/cmmi8.pfb></usr/local/texlive/2021/texmf-dist/fonts/type1/public/amsfonts/cm/cmr10.pfb></usr/local/texlive/2021/texmf-dist/fonts/type1/public/amsfonts/cm/cmr12.pfb></usr/local/texlive/2021/texmf-dist/fonts/type1/public/amsfonts/cm/cmr6.pfb></usr/local/texlive/2021/texmf-dist/fonts/type1/public/amsfonts/cm/cmr8.pfb></usr/local/texlive/2021/texmf-dist/fonts/type1/public/amsfonts/cm/cmsy10.pfb></usr/local/texlive/2021/texmf-dist/fonts/type1/public/amsfonts/cm/cmsy6.pfb></usr/local/texlive/2021/texmf-dist/fonts/type1/public/amsfonts/cm/cmsy8.pfb></usr/local/texlive/2021/texmf-dist/fonts/type1/public/amsfonts/symbols/msbm10.pfb></usr/local/texlive/2021/texmf-dist/fonts/type1/urw/times/utmb8a.pfb></usr/local/texlive/2021/texmf-dist/fonts/type1/urw/times/utmr8a.pfb></usr/local/texlive/2021/texmf-dist/fonts/type1/urw/times/utmri8a.pfb>
Output written on /Users/nielswarncke/Documents/ddsp/thesis/latex/thesis.pdf (63 pages, 25130320 bytes).
PDF statistics:
 851 PDF objects out of 1000 (max. 8388607)
 666 compressed objects within 7 object streams
 179 named destinations out of 1000 (max. 500000)
 446 words of extra memory for PDF output out of 10000 (max. 10000000)

